<?xml version="1.0" encoding="UTF-8"?>
<testsuite name="com.dambra.adventofcode2018.day1.FrequencyChanges" tests="4" skipped="0" failures="0" errors="0" timestamp="2018-12-01T13:50:20" hostname="Pauls-MacBook-Pro-2.local" time="0.004">
  <properties/>
  <testcase name="+1, -2, +3, +1 results in 3()" classname="com.dambra.adventofcode2018.day1.FrequencyChanges" time="0.001"/>
  <testcase name="+1, +1, +1 results in  3()" classname="com.dambra.adventofcode2018.day1.FrequencyChanges" time="0.0"/>
  <testcase name="-1, -2, -3 results in -6()" classname="com.dambra.adventofcode2018.day1.FrequencyChanges" time="0.0"/>
  <testcase name="+1, +1, -2 results in  0()" classname="com.dambra.adventofcode2018.day1.FrequencyChanges" time="0.0"/>
  <system-out><![CDATA[]]></system-out>
  <system-err><![CDATA[]]></system-err>
</testsuite>
