<?xml version="1.0" encoding="UTF-8"?>
<testsuite name="com.dambra.adventofcode2018.day1.ReachingFrequenciesTwice" tests="5" skipped="0" failures="0" errors="0" timestamp="2018-12-01T13:50:19" hostname="Pauls-MacBook-Pro-2.local" time="0.449">
  <properties/>
  <testcase name="+7, +7, -2, -7, -4 reaches 14 twice()" classname="com.dambra.adventofcode2018.day1.ReachingFrequenciesTwice" time="0.443"/>
  <testcase name="-6, +3, +8, +5, -6 reaches 5 twice()" classname="com.dambra.adventofcode2018.day1.ReachingFrequenciesTwice" time="0.001"/>
  <testcase name="+3, +3, +4, -2, -4 reaches 10 twice()" classname="com.dambra.adventofcode2018.day1.ReachingFrequenciesTwice" time="0.001"/>
  <testcase name="+1, -1 reaches 0 twice()" classname="com.dambra.adventofcode2018.day1.ReachingFrequenciesTwice" time="0.001"/>
  <testcase name="+1, -2, +3, +1 reaches 2 twice()" classname="com.dambra.adventofcode2018.day1.ReachingFrequenciesTwice" time="0.001"/>
  <system-out><![CDATA[]]></system-out>
  <system-err><![CDATA[]]></system-err>
</testsuite>
